============================================================
YEKNAL SECURITY SCAN REPORT
============================================================

Date:            2026-03-22T08:44:55.050Z
Project:         C:\Users\nubiaville\Desktop\Projects 2026\MD Files
Files scanned:   2
Security Score:  80% (28/35 applicable points)
Issues:          2
Warnings:        0

Based on: Security-Master.md (yeknal security guidelines)
Reference: https://github.com/tryraisins/MD_Files/blob/main/Security/Security-Master.md

------------------------------------------------------------
CATEGORY: SECRETS & ENVIRONMENT
------------------------------------------------------------

  [FAIL] .gitignore exists
         Points: 0/3 | Reference: Security-Master.md Phase 10
         No .gitignore file found. Create one to prevent committing secrets.

         -> .gitignore
            Missing .gitignore file

  [FAIL] .gitignore covers .env files
         Points: 0/4 | Reference: Security-Master.md Phase 10
         Cannot check — .gitignore missing

         -> .gitignore
            .gitignore missing entirely

  [PASS] No .env files tracked in git
         Points: 5/5 | Reference: Security-Master.md Phase 10
         No .env files found in git index

  [PASS] No hardcoded secrets in source
         Points: 8/8 | Reference: Security-Master.md Part 1 Rule 1
         No hardcoded secrets detected in source files

  [PASS] No private keys in repo
         Points: 5/5 | Reference: Security-Master.md Part 1 Rule 1
         No private key files detected

------------------------------------------------------------
CATEGORY: DEPENDENCIES
------------------------------------------------------------

  [SKIP] Dependency lock file present
         Points: 0/5 | Reference: Security-Master.md Phase 12
         No recognized package manager detected

  [SKIP] Dependency audit clean
         Points: 0/10 | Reference: Security-Master.md Phase 12
         No package.json found — npm audit skipped

------------------------------------------------------------
CATEGORY: AUTH & SESSIONS
------------------------------------------------------------

  [SKIP] No tokens in localStorage
         Points: 0/5 | Reference: Security-Master.md Part 2 Rule 4
         No auth-related code detected

  [SKIP] Strong password hashing
         Points: 0/5 | Reference: Security-Master.md Part 2 Rule 6
         No auth-related code detected

  [SKIP] Secure cookie configuration
         Points: 0/5 | Reference: Security-Master.md Part 2 Rule 4
         No auth-related code detected

------------------------------------------------------------
CATEGORY: INPUT & API
------------------------------------------------------------

  [SKIP] Input validation library present
         Points: 0/5 | Reference: Security-Master.md Part 3 Rule 1
         No package.json found

  [SKIP] Rate limiting configured
         Points: 0/5 | Reference: Security-Master.md Part 3 Rule 2
         No package.json found

  [SKIP] CORS properly configured
         Points: 0/5 | Reference: Security-Master.md Part 3
         No CORS configuration detected

------------------------------------------------------------
CATEGORY: HEADERS & TRANSPORT
------------------------------------------------------------

  [SKIP] Security headers configured
         Points: 0/5 | Reference: Security-Master.md Phase 2
         No server configuration detected

  [PASS] No internal error exposure
         Points: 5/5 | Reference: Security-Master.md Part 3 Rule 4
         No stack traces or internal errors exposed in responses

  [PASS] HTTPS enforcement
         Points: 5/5 | Reference: Security-Master.md Phase 2
         HTTPS enforcement found in code

------------------------------------------------------------
CATEGORY: DATABASE
------------------------------------------------------------

  [SKIP] ORM or parameterized queries
         Points: 0/5 | Reference: Security-Master.md Phase 8
         No database code detected

  [SKIP] No SQL injection patterns
         Points: 0/5 | Reference: Security-Master.md Phase 8
         No database code detected

  [SKIP] DB credentials not hardcoded
         Points: 0/5 | Reference: Security-Master.md Phase 8
         No database code detected

============================================================
RECOMMENDATIONS
============================================================

CRITICAL (fix before shipping):
  - .gitignore exists: No .gitignore file found. Create one to prevent committing secrets.
  - .gitignore covers .env files: Cannot check — .gitignore missing

============================================================
END OF REPORT
============================================================
